<?xml version="1.0" encoding="UTF-8"?>

<testsuite name="pl.ydp.automation.scripts.steps.base.TestStep" tests="4" failures="0" errors="0" skipped="0" time="0,024" hostname="mkocieniewski" timestamp="2012-12-13T09:13:35">
  <testcase classname="pl.ydp.automation.scripts.steps.base::TestStep" name="should_dispach_by_descriptor" time="0,019"/>
  <testcase classname="pl.ydp.automation.scripts.steps.base::TestStep" name="should_get_sentence" time="0,002"/>
  <testcase classname="pl.ydp.automation.scripts.steps.base::TestStep" name="should_dispatch_signal" time="0,001"/>
  <testcase classname="pl.ydp.automation.scripts.steps.base::TestStep" name="should_get_pattern" time="0,002"/>
</testsuite>
