<?xml version="1.0" encoding="UTF-8"?>

<testsuite name="pl.ydp.automation.execution.report.TestReportModel" tests="1" failures="0" errors="0" skipped="0" time="0,000" hostname="mkocieniewski" timestamp="2012-12-13T09:13:35">
  <testcase classname="pl.ydp.automation.execution.report::TestReportModel" name="should_add_script" time="0,000"/>
</testsuite>
