<?xml version="1.0" encoding="UTF-8"?>

<testsuite name="pl.ydp.automation.TestScriptsEngine" tests="1" failures="0" errors="0" skipped="0" time="0,010" hostname="mkocieniewski" timestamp="2012-12-13T09:13:34">
  <testcase classname="pl.ydp.automation::TestScriptsEngine" name="should_initialize_scripts" time="0,010"/>
</testsuite>
