<?xml version="1.0" encoding="UTF-8"?>

<testsuite name="pl.ydp.automation.scripts.steps.TestStepsResolver" tests="1" failures="0" errors="0" skipped="0" time="0,009" hostname="mkocieniewski" timestamp="2012-12-13T09:13:35">
  <testcase classname="pl.ydp.automation.scripts.steps::TestStepsResolver" name="should_get_resolved_pattern" time="0,009"/>
</testsuite>
