<?xml version="1.0" encoding="UTF-8"?>

<testsuite name="pl.ydp.automation.parser.vo.TestScenario" tests="1" failures="0" errors="0" skipped="0" time="0,001" hostname="mkocieniewski" timestamp="2012-12-13T09:13:35">
  <testcase classname="pl.ydp.automation.parser.vo::TestScenario" name="should_get_seven_sentences" time="0,001"/>
</testsuite>
