<?xml version="1.0" encoding="UTF-8"?>

<testsuite name="pl.ydp.automation.scripts.steps.TestStepFactory" tests="2" failures="0" errors="0" skipped="0" time="0,010" hostname="mkocieniewski" timestamp="2012-12-13T09:13:35">
  <testcase classname="pl.ydp.automation.scripts.steps::TestStepFactory" name="should_pass_regexp" time="0,009"/>
  <testcase classname="pl.ydp.automation.scripts.steps::TestStepFactory" name="should_fail_regexp" time="0,001"/>
</testsuite>
