<?xml version="1.0" encoding="UTF-8"?>

<testsuite name="pl.ydp.automation.execution.report.TestReportDataFactory" tests="5" failures="0" errors="0" skipped="0" time="0,012" hostname="mkocieniewski" timestamp="2012-12-13T09:13:35">
  <testcase classname="pl.ydp.automation.execution.report::TestReportDataFactory" name="should_add_steps_incorrect_result_to_report" time="0,009"/>
  <testcase classname="pl.ydp.automation.execution.report::TestReportDataFactory" name="should_add_scenario_to_report" time="0,001"/>
  <testcase classname="pl.ydp.automation.execution.report::TestReportDataFactory" name="should_create_script_report" time="0,001"/>
  <testcase classname="pl.ydp.automation.execution.report::TestReportDataFactory" name="should_add_step_to_report" time="0,000"/>
  <testcase classname="pl.ydp.automation.execution.report::TestReportDataFactory" name="should_add_steps_correct_result_to_report" time="0,001"/>
</testsuite>
