<?xml version="1.0" encoding="UTF-8"?>

<testsuite name="pl.ydp.automation.execution.TestExecutionManager" tests="9" failures="0" errors="0" skipped="0" time="0,019" hostname="mkocieniewski" timestamp="2012-12-13T09:13:35">
  <testcase classname="pl.ydp.automation.execution::TestExecutionManager" name="should_step_execution_started" time="0,011"/>
  <testcase classname="pl.ydp.automation.execution::TestExecutionManager" name="should_step_execution_finished" time="0,002"/>
  <testcase classname="pl.ydp.automation.execution::TestExecutionManager" name="should_finish_execution_B" time="0,001"/>
  <testcase classname="pl.ydp.automation.execution::TestExecutionManager" name="should_scenario_execution_finished" time="0,001"/>
  <testcase classname="pl.ydp.automation.execution::TestExecutionManager" name="should_finish_execution_C" time="0,001"/>
  <testcase classname="pl.ydp.automation.execution::TestExecutionManager" name="should_scenario_execution_started" time="0,001"/>
  <testcase classname="pl.ydp.automation.execution::TestExecutionManager" name="should_finish_execution_A" time="0,000"/>
  <testcase classname="pl.ydp.automation.execution::TestExecutionManager" name="should_script_execution_started" time="0,001"/>
  <testcase classname="pl.ydp.automation.execution::TestExecutionManager" name="should_script_execution_finished" time="0,001"/>
</testsuite>
