<?xml version="1.0" encoding="UTF-8"?>

<testsuite name="pl.ydp.automation.parser.vo.TestFeature" tests="2" failures="0" errors="0" skipped="0" time="0,003" hostname="mkocieniewski" timestamp="2012-12-13T09:13:35">
  <testcase classname="pl.ydp.automation.parser.vo::TestFeature" name="should_get_two_scenarios" time="0,002"/>
  <testcase classname="pl.ydp.automation.parser.vo::TestFeature" name="should_get_feature_name" time="0,001"/>
</testsuite>
