<?xml version="1.0" encoding="UTF-8"?>

<testsuite name="pl.ydp.automation.parser.TestParserUtil" tests="1" failures="0" errors="0" skipped="0" time="0,007" hostname="mkocieniewski" timestamp="2012-12-13T09:13:35">
  <testcase classname="pl.ydp.automation.parser::TestParserUtil" name="should_remove_extra_spaces" time="0,007"/>
</testsuite>
